<?xml version="1.0" encoding="UTF-8"?>
<testng-results skipped="0" failed="0" total="1" passed="1">
  <reporter-output>
  </reporter-output>
  <suite name="Default suite" duration-ms="968" started-at="2012-06-11T10:09:04Z" finished-at="2012-06-11T10:09:05Z">
    <groups>
    </groups>
    <test name="Default test" duration-ms="968" started-at="2012-06-11T10:09:04Z" finished-at="2012-06-11T10:09:05Z">
      <class name="monkey.aop.CbuServiceMockImplTest">
        <test-method status="PASS" signature="init()" name="init" is-config="true" duration-ms="937" started-at="2012-06-11T10:09:04Z" finished-at="2012-06-11T10:09:05Z">
        </test-method>
        <test-method status="PASS" signature="doBizOrderForICbuTest()" name="doBizOrderForICbuTest" duration-ms="31" started-at="2012-06-11T10:09:05Z" finished-at="2012-06-11T10:09:05Z">
        </test-method>
      </class>
    </test>
  </suite>
</testng-results>
